[0.044s] Invoking command in '/home/minota/tricycle_robot/build/my_trirob_description': CMAKE_PREFIX_PATH=${CMAKE_PREFIX_PATH}:/opt/ros/humble /usr/bin/cmake --build /home/minota/tricycle_robot/build/my_trirob_description -- -j4 -l4
[0.058s] [0mCMake Deprecation Warning at CMakeLists.txt:1 (cmake_minimum_required):
[0.059s]   Compatibility with CMake < 3.10 will be removed from a future version of
[0.059s]   CMake.
[0.059s] 
[0.059s]   Update the VERSION argument <min> value.  Or, use the <min>...<max> syntax
[0.059s]   to tell CMake that the project requires at least <min> but has been updated
[0.059s]   to work with policies introduced by <max> or earlier.
[0.059s] 
[0.059s] [0m
[0.067s] -- Found ament_cmake: 1.3.11 (/opt/ros/humble/share/ament_cmake/cmake)
[0.544s] -- Configuring done (0.5s)
[1.301s] -- Generating done (0.7s)
[1.303s] -- Build files have been written to: /home/minota/tricycle_robot/build/my_trirob_description
[1.322s] Invoked command in '/home/minota/tricycle_robot/build/my_trirob_description' returned '0': CMAKE_PREFIX_PATH=${CMAKE_PREFIX_PATH}:/opt/ros/humble /usr/bin/cmake --build /home/minota/tricycle_robot/build/my_trirob_description -- -j4 -l4
[1.331s] Invoking command in '/home/minota/tricycle_robot/build/my_trirob_description': CMAKE_PREFIX_PATH=${CMAKE_PREFIX_PATH}:/opt/ros/humble /usr/bin/cmake --install /home/minota/tricycle_robot/build/my_trirob_description
[1.337s] -- Install configuration: ""
[1.338s] -- Up-to-date: /home/minota/tricycle_robot/install/my_trirob_description/share/my_trirob_description//urdf
[1.338s] -- Up-to-date: /home/minota/tricycle_robot/install/my_trirob_description/share/my_trirob_description//urdf/my_trirob.urdf
[1.338s] -- Up-to-date: /home/minota/tricycle_robot/install/my_trirob_description/share/ament_index/resource_index/package_run_dependencies/my_trirob_description
[1.338s] -- Up-to-date: /home/minota/tricycle_robot/install/my_trirob_description/share/ament_index/resource_index/parent_prefix_path/my_trirob_description
[1.338s] -- Up-to-date: /home/minota/tricycle_robot/install/my_trirob_description/share/my_trirob_description/environment/ament_prefix_path.sh
[1.338s] -- Installing: /home/minota/tricycle_robot/install/my_trirob_description/share/my_trirob_description/environment/ament_prefix_path.dsv
[1.339s] -- Up-to-date: /home/minota/tricycle_robot/install/my_trirob_description/share/my_trirob_description/environment/path.sh
[1.339s] -- Installing: /home/minota/tricycle_robot/install/my_trirob_description/share/my_trirob_description/environment/path.dsv
[1.339s] -- Up-to-date: /home/minota/tricycle_robot/install/my_trirob_description/share/my_trirob_description/local_setup.bash
[1.339s] -- Up-to-date: /home/minota/tricycle_robot/install/my_trirob_description/share/my_trirob_description/local_setup.sh
[1.339s] -- Up-to-date: /home/minota/tricycle_robot/install/my_trirob_description/share/my_trirob_description/local_setup.zsh
[1.340s] -- Installing: /home/minota/tricycle_robot/install/my_trirob_description/share/my_trirob_description/local_setup.dsv
[1.340s] -- Installing: /home/minota/tricycle_robot/install/my_trirob_description/share/my_trirob_description/package.dsv
[1.340s] -- Up-to-date: /home/minota/tricycle_robot/install/my_trirob_description/share/ament_index/resource_index/packages/my_trirob_description
[1.340s] -- Up-to-date: /home/minota/tricycle_robot/install/my_trirob_description/share/my_trirob_description/cmake/my_trirob_descriptionConfig.cmake
[1.340s] -- Up-to-date: /home/minota/tricycle_robot/install/my_trirob_description/share/my_trirob_description/cmake/my_trirob_descriptionConfig-version.cmake
[1.340s] -- Up-to-date: /home/minota/tricycle_robot/install/my_trirob_description/share/my_trirob_description/package.xml
[1.357s] Invoked command in '/home/minota/tricycle_robot/build/my_trirob_description' returned '0': CMAKE_PREFIX_PATH=${CMAKE_PREFIX_PATH}:/opt/ros/humble /usr/bin/cmake --install /home/minota/tricycle_robot/build/my_trirob_description
