[0.105s] Invoking command in '/home/minota/tricycle_robot/build/my_trirob_description': CMAKE_PREFIX_PATH=${CMAKE_PREFIX_PATH}:/opt/ros/humble /usr/bin/cmake --build /home/minota/tricycle_robot/build/my_trirob_description -- -j4 -l4
[0.139s] -- Found ament_cmake: 1.3.11 (/opt/ros/humble/share/ament_cmake/cmake)
[0.609s] -- Configuring done (0.5s)
[0.744s] -- Generating done (0.1s)
[0.778s] -- Build files have been written to: /home/minota/tricycle_robot/build/my_trirob_description
[0.859s] Invoked command in '/home/minota/tricycle_robot/build/my_trirob_description' returned '0': CMAKE_PREFIX_PATH=${CMAKE_PREFIX_PATH}:/opt/ros/humble /usr/bin/cmake --build /home/minota/tricycle_robot/build/my_trirob_description -- -j4 -l4
[0.876s] Invoking command in '/home/minota/tricycle_robot/build/my_trirob_description': CMAKE_PREFIX_PATH=${CMAKE_PREFIX_PATH}:/opt/ros/humble /usr/bin/cmake --install /home/minota/tricycle_robot/build/my_trirob_description
[0.884s] -- Install configuration: ""
[0.885s] -- Up-to-date: /home/minota/tricycle_robot/install/my_trirob_description/share/my_trirob_description//urdf
[0.885s] -- Up-to-date: /home/minota/tricycle_robot/install/my_trirob_description/share/my_trirob_description//urdf/my_trirob.urdf
[0.885s] -- Up-to-date: /home/minota/tricycle_robot/install/my_trirob_description/share/ament_index/resource_index/package_run_dependencies/my_trirob_description
[0.885s] -- Up-to-date: /home/minota/tricycle_robot/install/my_trirob_description/share/ament_index/resource_index/parent_prefix_path/my_trirob_description
[0.886s] -- Up-to-date: /home/minota/tricycle_robot/install/my_trirob_description/share/my_trirob_description/environment/ament_prefix_path.sh
[0.886s] -- Installing: /home/minota/tricycle_robot/install/my_trirob_description/share/my_trirob_description/environment/ament_prefix_path.dsv
[0.886s] -- Up-to-date: /home/minota/tricycle_robot/install/my_trirob_description/share/my_trirob_description/environment/path.sh
[0.887s] -- Installing: /home/minota/tricycle_robot/install/my_trirob_description/share/my_trirob_description/environment/path.dsv
[0.887s] -- Up-to-date: /home/minota/tricycle_robot/install/my_trirob_description/share/my_trirob_description/local_setup.bash
[0.887s] -- Up-to-date: /home/minota/tricycle_robot/install/my_trirob_description/share/my_trirob_description/local_setup.sh
[0.887s] -- Up-to-date: /home/minota/tricycle_robot/install/my_trirob_description/share/my_trirob_description/local_setup.zsh
[0.888s] -- Installing: /home/minota/tricycle_robot/install/my_trirob_description/share/my_trirob_description/local_setup.dsv
[0.888s] -- Installing: /home/minota/tricycle_robot/install/my_trirob_description/share/my_trirob_description/package.dsv
[0.888s] -- Up-to-date: /home/minota/tricycle_robot/install/my_trirob_description/share/ament_index/resource_index/packages/my_trirob_description
[0.888s] -- Up-to-date: /home/minota/tricycle_robot/install/my_trirob_description/share/my_trirob_description/cmake/my_trirob_descriptionConfig.cmake
[0.888s] -- Up-to-date: /home/minota/tricycle_robot/install/my_trirob_description/share/my_trirob_description/cmake/my_trirob_descriptionConfig-version.cmake
[0.888s] -- Up-to-date: /home/minota/tricycle_robot/install/my_trirob_description/share/my_trirob_description/package.xml
[0.929s] Invoked command in '/home/minota/tricycle_robot/build/my_trirob_description' returned '0': CMAKE_PREFIX_PATH=${CMAKE_PREFIX_PATH}:/opt/ros/humble /usr/bin/cmake --install /home/minota/tricycle_robot/build/my_trirob_description
