[0.156s] DEBUG:colcon:Command line arguments: ['/usr/bin/colcon', 'build']
[0.156s] DEBUG:colcon:Parsed command line arguments: Namespace(log_base=None, log_level=None, verb_name='build', build_base='build', install_base='install', merge_install=False, symlink_install=False, test_result_base=None, continue_on_error=False, executor='parallel', parallel_workers=4, event_handlers=None, ignore_user_meta=False, metas=['./colcon.meta'], base_paths=['.'], packages_ignore=None, packages_ignore_regex=None, paths=None, packages_up_to=None, packages_up_to_regex=None, packages_above=None, packages_above_and_dependencies=None, packages_above_depth=None, packages_select_by_dep=None, packages_skip_by_dep=None, packages_skip_up_to=None, packages_select_build_failed=False, packages_skip_build_finished=False, packages_select_test_failures=False, packages_skip_test_passed=False, packages_select=None, packages_skip=None, packages_select_regex=None, packages_skip_regex=None, packages_start=None, packages_end=None, allow_overriding=[], cmake_args=None, cmake_target=None, cmake_target_skip_unavailable=False, cmake_clean_cache=False, cmake_clean_first=False, cmake_force_configure=False, ament_cmake_args=None, catkin_cmake_args=None, catkin_skip_building_tests=False, verb_parser=<colcon_defaults.argument_parser.defaults.DefaultArgumentsDecorator object at 0x7894bbf65750>, verb_extension=<colcon_core.verb.build.BuildVerb object at 0x7894bbf64e20>, main=<bound method BuildVerb.main of <colcon_core.verb.build.BuildVerb object at 0x7894bbf64e20>>)
[0.395s] Level 1:colcon.colcon_core.package_discovery:discover_packages(colcon_meta) check parameters
[0.395s] Level 1:colcon.colcon_core.package_discovery:discover_packages(recursive) check parameters
[0.395s] Level 1:colcon.colcon_core.package_discovery:discover_packages(ignore) check parameters
[0.395s] Level 1:colcon.colcon_core.package_discovery:discover_packages(path) check parameters
[0.395s] Level 1:colcon.colcon_core.package_discovery:discover_packages(colcon_meta) discover
[0.395s] Level 1:colcon.colcon_core.package_discovery:discover_packages(recursive) discover
[0.395s] INFO:colcon.colcon_core.package_discovery:Crawling recursively for packages in '/home/minota/tricycle_robot'
[0.395s] Level 1:colcon.colcon_core.package_identification:_identify(.) by extensions ['ignore', 'ignore_ament_install']
[0.395s] Level 1:colcon.colcon_core.package_identification:_identify(.) by extension 'ignore'
[0.395s] Level 1:colcon.colcon_core.package_identification:_identify(.) by extension 'ignore_ament_install'
[0.396s] Level 1:colcon.colcon_core.package_identification:_identify(.) by extensions ['colcon_pkg']
[0.396s] Level 1:colcon.colcon_core.package_identification:_identify(.) by extension 'colcon_pkg'
[0.396s] Level 1:colcon.colcon_core.package_identification:_identify(.) by extensions ['colcon_meta']
[0.396s] Level 1:colcon.colcon_core.package_identification:_identify(.) by extension 'colcon_meta'
[0.396s] Level 1:colcon.colcon_core.package_identification:_identify(.) by extensions ['ros']
[0.396s] Level 1:colcon.colcon_core.package_identification:_identify(.) by extension 'ros'
[0.409s] Level 1:colcon.colcon_core.package_identification:_identify(.) by extensions ['cmake', 'python']
[0.409s] Level 1:colcon.colcon_core.package_identification:_identify(.) by extension 'cmake'
[0.409s] Level 1:colcon.colcon_core.package_identification:_identify(.) by extension 'python'
[0.409s] Level 1:colcon.colcon_core.package_identification:_identify(.) by extensions ['python_setup_py']
[0.409s] Level 1:colcon.colcon_core.package_identification:_identify(.) by extension 'python_setup_py'
[0.409s] Level 1:colcon.colcon_core.package_identification:_identify(build) by extensions ['ignore', 'ignore_ament_install']
[0.409s] Level 1:colcon.colcon_core.package_identification:_identify(build) by extension 'ignore'
[0.410s] Level 1:colcon.colcon_core.package_identification:_identify(build) ignored
[0.410s] Level 1:colcon.colcon_core.package_identification:_identify(install) by extensions ['ignore', 'ignore_ament_install']
[0.410s] Level 1:colcon.colcon_core.package_identification:_identify(install) by extension 'ignore'
[0.410s] Level 1:colcon.colcon_core.package_identification:_identify(install) ignored
[0.410s] Level 1:colcon.colcon_core.package_identification:_identify(log) by extensions ['ignore', 'ignore_ament_install']
[0.410s] Level 1:colcon.colcon_core.package_identification:_identify(log) by extension 'ignore'
[0.410s] Level 1:colcon.colcon_core.package_identification:_identify(log) ignored
[0.410s] Level 1:colcon.colcon_core.package_identification:_identify(src) by extensions ['ignore', 'ignore_ament_install']
[0.410s] Level 1:colcon.colcon_core.package_identification:_identify(src) by extension 'ignore'
[0.410s] Level 1:colcon.colcon_core.package_identification:_identify(src) by extension 'ignore_ament_install'
[0.410s] Level 1:colcon.colcon_core.package_identification:_identify(src) by extensions ['colcon_pkg']
[0.410s] Level 1:colcon.colcon_core.package_identification:_identify(src) by extension 'colcon_pkg'
[0.411s] Level 1:colcon.colcon_core.package_identification:_identify(src) by extensions ['colcon_meta']
[0.411s] Level 1:colcon.colcon_core.package_identification:_identify(src) by extension 'colcon_meta'
[0.411s] Level 1:colcon.colcon_core.package_identification:_identify(src) by extensions ['ros']
[0.411s] Level 1:colcon.colcon_core.package_identification:_identify(src) by extension 'ros'
[0.411s] Level 1:colcon.colcon_core.package_identification:_identify(src) by extensions ['cmake', 'python']
[0.411s] Level 1:colcon.colcon_core.package_identification:_identify(src) by extension 'cmake'
[0.411s] Level 1:colcon.colcon_core.package_identification:_identify(src) by extension 'python'
[0.411s] Level 1:colcon.colcon_core.package_identification:_identify(src) by extensions ['python_setup_py']
[0.411s] Level 1:colcon.colcon_core.package_identification:_identify(src) by extension 'python_setup_py'
[0.411s] Level 1:colcon.colcon_core.package_identification:_identify(src/my_trirob_description) by extensions ['ignore', 'ignore_ament_install']
[0.411s] Level 1:colcon.colcon_core.package_identification:_identify(src/my_trirob_description) by extension 'ignore'
[0.411s] Level 1:colcon.colcon_core.package_identification:_identify(src/my_trirob_description) by extension 'ignore_ament_install'
[0.411s] Level 1:colcon.colcon_core.package_identification:_identify(src/my_trirob_description) by extensions ['colcon_pkg']
[0.411s] Level 1:colcon.colcon_core.package_identification:_identify(src/my_trirob_description) by extension 'colcon_pkg'
[0.411s] Level 1:colcon.colcon_core.package_identification:_identify(src/my_trirob_description) by extensions ['colcon_meta']
[0.411s] Level 1:colcon.colcon_core.package_identification:_identify(src/my_trirob_description) by extension 'colcon_meta'
[0.411s] Level 1:colcon.colcon_core.package_identification:_identify(src/my_trirob_description) by extensions ['ros']
[0.411s] Level 1:colcon.colcon_core.package_identification:_identify(src/my_trirob_description) by extension 'ros'
[0.414s] DEBUG:colcon.colcon_core.package_identification:Package 'src/my_trirob_description' with type 'ros.ament_cmake' and name 'my_trirob_description'
[0.414s] Level 1:colcon.colcon_core.package_discovery:discover_packages(recursive) using defaults
[0.415s] Level 1:colcon.colcon_core.package_discovery:discover_packages(ignore) discover
[0.415s] Level 1:colcon.colcon_core.package_discovery:discover_packages(ignore) using defaults
[0.415s] Level 1:colcon.colcon_core.package_discovery:discover_packages(path) discover
[0.415s] Level 1:colcon.colcon_core.package_discovery:discover_packages(path) using defaults
[0.452s] Level 1:colcon.colcon_core.package_discovery:discover_packages(prefix_path) check parameters
[0.453s] Level 1:colcon.colcon_core.package_discovery:discover_packages(prefix_path) discover
[0.455s] DEBUG:colcon.colcon_installed_package_information.package_discovery:Found 0 installed packages in /home/minota/tricycle_robot/install
[0.455s] DEBUG:colcon.colcon_installed_package_information.package_discovery:Found 2 installed packages in /home/minota/ros2_ws/install
[0.457s] DEBUG:colcon.colcon_installed_package_information.package_discovery:Found 337 installed packages in /opt/ros/humble
[0.459s] Level 1:colcon.colcon_core.package_discovery:discover_packages(prefix_path) using defaults
[0.526s] Level 5:colcon.colcon_core.verb:set package 'my_trirob_description' build argument 'cmake_args' from command line to 'None'
[0.526s] Level 5:colcon.colcon_core.verb:set package 'my_trirob_description' build argument 'cmake_target' from command line to 'None'
[0.526s] Level 5:colcon.colcon_core.verb:set package 'my_trirob_description' build argument 'cmake_target_skip_unavailable' from command line to 'False'
[0.526s] Level 5:colcon.colcon_core.verb:set package 'my_trirob_description' build argument 'cmake_clean_cache' from command line to 'False'
[0.526s] Level 5:colcon.colcon_core.verb:set package 'my_trirob_description' build argument 'cmake_clean_first' from command line to 'False'
[0.526s] Level 5:colcon.colcon_core.verb:set package 'my_trirob_description' build argument 'cmake_force_configure' from command line to 'False'
[0.526s] Level 5:colcon.colcon_core.verb:set package 'my_trirob_description' build argument 'ament_cmake_args' from command line to 'None'
[0.526s] Level 5:colcon.colcon_core.verb:set package 'my_trirob_description' build argument 'catkin_cmake_args' from command line to 'None'
[0.526s] Level 5:colcon.colcon_core.verb:set package 'my_trirob_description' build argument 'catkin_skip_building_tests' from command line to 'False'
[0.526s] DEBUG:colcon.colcon_core.verb:Building package 'my_trirob_description' with the following arguments: {'ament_cmake_args': None, 'build_base': '/home/minota/tricycle_robot/build/my_trirob_description', 'catkin_cmake_args': None, 'catkin_skip_building_tests': False, 'cmake_args': None, 'cmake_clean_cache': False, 'cmake_clean_first': False, 'cmake_force_configure': False, 'cmake_target': None, 'cmake_target_skip_unavailable': False, 'install_base': '/home/minota/tricycle_robot/install/my_trirob_description', 'merge_install': False, 'path': '/home/minota/tricycle_robot/src/my_trirob_description', 'symlink_install': False, 'test_result_base': None}
[0.527s] INFO:colcon.colcon_core.executor:Executing jobs using 'parallel' executor
[0.528s] DEBUG:colcon.colcon_parallel_executor.executor.parallel:run_until_complete
[0.528s] INFO:colcon.colcon_ros.task.ament_cmake.build:Building ROS package in '/home/minota/tricycle_robot/src/my_trirob_description' with build type 'ament_cmake'
[0.528s] INFO:colcon.colcon_cmake.task.cmake.build:Building CMake package in '/home/minota/tricycle_robot/src/my_trirob_description'
[0.531s] INFO:colcon.colcon_core.plugin_system:Skipping extension 'colcon_core.shell.bat': Not used on non-Windows systems
[0.531s] INFO:colcon.colcon_core.shell:Skip shell extension 'powershell' for command environment: Not usable outside of PowerShell
[0.531s] DEBUG:colcon.colcon_core.shell:Skip shell extension 'dsv' for command environment
[0.778s] DEBUG:colcon.colcon_core.event_handler.log_command:Invoking command in '/home/minota/tricycle_robot/build/my_trirob_description': CMAKE_PREFIX_PATH=${CMAKE_PREFIX_PATH}:/opt/ros/humble /usr/bin/cmake /home/minota/tricycle_robot/src/my_trirob_description -DCMAKE_INSTALL_PREFIX=/home/minota/tricycle_robot/install/my_trirob_description
[48.940s] DEBUG:colcon.colcon_core.event_handler.log_command:Invoked command in '/home/minota/tricycle_robot/build/my_trirob_description' returned '0': CMAKE_PREFIX_PATH=${CMAKE_PREFIX_PATH}:/opt/ros/humble /usr/bin/cmake /home/minota/tricycle_robot/src/my_trirob_description -DCMAKE_INSTALL_PREFIX=/home/minota/tricycle_robot/install/my_trirob_description
[48.942s] DEBUG:colcon.colcon_core.event_handler.log_command:Invoking command in '/home/minota/tricycle_robot/build/my_trirob_description': CMAKE_PREFIX_PATH=${CMAKE_PREFIX_PATH}:/opt/ros/humble /usr/bin/cmake --build /home/minota/tricycle_robot/build/my_trirob_description -- -j4 -l4
[48.969s] DEBUG:colcon.colcon_core.event_handler.log_command:Invoked command in '/home/minota/tricycle_robot/build/my_trirob_description' returned '0': CMAKE_PREFIX_PATH=${CMAKE_PREFIX_PATH}:/opt/ros/humble /usr/bin/cmake --build /home/minota/tricycle_robot/build/my_trirob_description -- -j4 -l4
[48.977s] DEBUG:colcon.colcon_core.event_handler.log_command:Invoking command in '/home/minota/tricycle_robot/build/my_trirob_description': CMAKE_PREFIX_PATH=${CMAKE_PREFIX_PATH}:/opt/ros/humble /usr/bin/cmake --install /home/minota/tricycle_robot/build/my_trirob_description
[48.987s] Level 1:colcon.colcon_core.environment:create_environment_scripts_only(my_trirob_description)
[48.988s] DEBUG:colcon.colcon_core.event_handler.log_command:Invoked command in '/home/minota/tricycle_robot/build/my_trirob_description' returned '0': CMAKE_PREFIX_PATH=${CMAKE_PREFIX_PATH}:/opt/ros/humble /usr/bin/cmake --install /home/minota/tricycle_robot/build/my_trirob_description
[49.032s] Level 1:colcon.colcon_core.environment:checking '/home/minota/tricycle_robot/install/my_trirob_description' for CMake module files
[49.032s] Level 1:colcon.colcon_core.environment:checking '/home/minota/tricycle_robot/install/my_trirob_description' for CMake config files
[49.032s] Level 1:colcon.colcon_core.shell:create_environment_hook('my_trirob_description', 'cmake_prefix_path')
[49.033s] INFO:colcon.colcon_core.shell:Creating environment hook '/home/minota/tricycle_robot/install/my_trirob_description/share/my_trirob_description/hook/cmake_prefix_path.ps1'
[49.054s] INFO:colcon.colcon_core.shell:Creating environment descriptor '/home/minota/tricycle_robot/install/my_trirob_description/share/my_trirob_description/hook/cmake_prefix_path.dsv'
[49.083s] INFO:colcon.colcon_core.shell:Creating environment hook '/home/minota/tricycle_robot/install/my_trirob_description/share/my_trirob_description/hook/cmake_prefix_path.sh'
[49.089s] Level 1:colcon.colcon_core.environment:checking '/home/minota/tricycle_robot/install/my_trirob_description/bin'
[49.090s] Level 1:colcon.colcon_core.environment:checking '/home/minota/tricycle_robot/install/my_trirob_description/lib/pkgconfig/my_trirob_description.pc'
[49.091s] Level 1:colcon.colcon_core.environment:checking '/home/minota/tricycle_robot/install/my_trirob_description/lib/python3.10/site-packages'
[49.092s] Level 1:colcon.colcon_core.environment:checking '/home/minota/tricycle_robot/install/my_trirob_description/bin'
[49.095s] INFO:colcon.colcon_core.shell:Creating package script '/home/minota/tricycle_robot/install/my_trirob_description/share/my_trirob_description/package.ps1'
[49.104s] INFO:colcon.colcon_core.shell:Creating package descriptor '/home/minota/tricycle_robot/install/my_trirob_description/share/my_trirob_description/package.dsv'
[49.128s] INFO:colcon.colcon_core.shell:Creating package script '/home/minota/tricycle_robot/install/my_trirob_description/share/my_trirob_description/package.sh'
[49.133s] INFO:colcon.colcon_core.shell:Creating package script '/home/minota/tricycle_robot/install/my_trirob_description/share/my_trirob_description/package.bash'
[49.159s] INFO:colcon.colcon_core.shell:Creating package script '/home/minota/tricycle_robot/install/my_trirob_description/share/my_trirob_description/package.zsh'
[49.181s] Level 1:colcon.colcon_core.environment:create_file_with_runtime_dependencies(/home/minota/tricycle_robot/install/my_trirob_description/share/colcon-core/packages/my_trirob_description)
[49.187s] Level 1:colcon.colcon_core.environment:create_environment_scripts_only(my_trirob_description)
[49.191s] Level 1:colcon.colcon_core.environment:checking '/home/minota/tricycle_robot/install/my_trirob_description' for CMake module files
[49.196s] Level 1:colcon.colcon_core.environment:checking '/home/minota/tricycle_robot/install/my_trirob_description' for CMake config files
[49.198s] Level 1:colcon.colcon_core.shell:create_environment_hook('my_trirob_description', 'cmake_prefix_path')
[49.200s] INFO:colcon.colcon_core.shell:Creating environment hook '/home/minota/tricycle_robot/install/my_trirob_description/share/my_trirob_description/hook/cmake_prefix_path.ps1'
[49.204s] INFO:colcon.colcon_core.shell:Creating environment descriptor '/home/minota/tricycle_robot/install/my_trirob_description/share/my_trirob_description/hook/cmake_prefix_path.dsv'
[49.206s] INFO:colcon.colcon_core.shell:Creating environment hook '/home/minota/tricycle_robot/install/my_trirob_description/share/my_trirob_description/hook/cmake_prefix_path.sh'
[49.208s] Level 1:colcon.colcon_core.environment:checking '/home/minota/tricycle_robot/install/my_trirob_description/bin'
[49.208s] Level 1:colcon.colcon_core.environment:checking '/home/minota/tricycle_robot/install/my_trirob_description/lib/pkgconfig/my_trirob_description.pc'
[49.209s] Level 1:colcon.colcon_core.environment:checking '/home/minota/tricycle_robot/install/my_trirob_description/lib/python3.10/site-packages'
[49.210s] Level 1:colcon.colcon_core.environment:checking '/home/minota/tricycle_robot/install/my_trirob_description/bin'
[49.211s] INFO:colcon.colcon_core.shell:Creating package script '/home/minota/tricycle_robot/install/my_trirob_description/share/my_trirob_description/package.ps1'
[49.212s] INFO:colcon.colcon_core.shell:Creating package descriptor '/home/minota/tricycle_robot/install/my_trirob_description/share/my_trirob_description/package.dsv'
[49.214s] INFO:colcon.colcon_core.shell:Creating package script '/home/minota/tricycle_robot/install/my_trirob_description/share/my_trirob_description/package.sh'
[49.215s] INFO:colcon.colcon_core.shell:Creating package script '/home/minota/tricycle_robot/install/my_trirob_description/share/my_trirob_description/package.bash'
[49.216s] INFO:colcon.colcon_core.shell:Creating package script '/home/minota/tricycle_robot/install/my_trirob_description/share/my_trirob_description/package.zsh'
[49.217s] Level 1:colcon.colcon_core.environment:create_file_with_runtime_dependencies(/home/minota/tricycle_robot/install/my_trirob_description/share/colcon-core/packages/my_trirob_description)
[49.217s] DEBUG:colcon.colcon_parallel_executor.executor.parallel:closing loop
[49.218s] DEBUG:colcon.colcon_parallel_executor.executor.parallel:loop closed
[49.218s] DEBUG:colcon.colcon_parallel_executor.executor.parallel:run_until_complete finished with '0'
[49.218s] DEBUG:colcon.colcon_core.event_reactor:joining thread
[49.239s] INFO:colcon.colcon_core.plugin_system:Skipping extension 'colcon_notification.desktop_notification.terminal_notifier': Not used on non-Darwin systems
[49.240s] INFO:colcon.colcon_core.plugin_system:Skipping extension 'colcon_notification.desktop_notification.win32': Not used on non-Windows systems
[49.240s] INFO:colcon.colcon_notification.desktop_notification:Sending desktop notification using 'notify2'
[49.272s] DEBUG:colcon.colcon_core.event_reactor:joined thread
[49.272s] INFO:colcon.colcon_core.shell:Creating prefix script '/home/minota/tricycle_robot/install/local_setup.ps1'
[49.274s] INFO:colcon.colcon_core.shell:Creating prefix util module '/home/minota/tricycle_robot/install/_local_setup_util_ps1.py'
[49.276s] INFO:colcon.colcon_core.shell:Creating prefix chain script '/home/minota/tricycle_robot/install/setup.ps1'
[49.277s] INFO:colcon.colcon_core.shell:Creating prefix script '/home/minota/tricycle_robot/install/local_setup.sh'
[49.278s] INFO:colcon.colcon_core.shell:Creating prefix util module '/home/minota/tricycle_robot/install/_local_setup_util_sh.py'
[49.279s] INFO:colcon.colcon_core.shell:Creating prefix chain script '/home/minota/tricycle_robot/install/setup.sh'
[49.280s] INFO:colcon.colcon_core.shell:Creating prefix script '/home/minota/tricycle_robot/install/local_setup.bash'
[49.281s] INFO:colcon.colcon_core.shell:Creating prefix chain script '/home/minota/tricycle_robot/install/setup.bash'
[49.282s] INFO:colcon.colcon_core.shell:Creating prefix script '/home/minota/tricycle_robot/install/local_setup.zsh'
[49.283s] INFO:colcon.colcon_core.shell:Creating prefix chain script '/home/minota/tricycle_robot/install/setup.zsh'
