[0.139s] Invoking command in '/home/minota/tricycle_robot/build/my_trirob_description': CMAKE_PREFIX_PATH=${CMAKE_PREFIX_PATH}:/opt/ros/humble /usr/bin/cmake --build /home/minota/tricycle_robot/build/my_trirob_description -- -j4 -l4
[0.839s] -- Found ament_cmake: 1.3.11 (/opt/ros/humble/share/ament_cmake/cmake)
[1.566s] -- Configuring done (1.0s)
[1.613s] -- Generating done (0.0s)
[1.630s] -- Build files have been written to: /home/minota/tricycle_robot/build/my_trirob_description
[1.659s] Invoked command in '/home/minota/tricycle_robot/build/my_trirob_description' returned '0': CMAKE_PREFIX_PATH=${CMAKE_PREFIX_PATH}:/opt/ros/humble /usr/bin/cmake --build /home/minota/tricycle_robot/build/my_trirob_description -- -j4 -l4
[1.668s] Invoking command in '/home/minota/tricycle_robot/build/my_trirob_description': CMAKE_PREFIX_PATH=${CMAKE_PREFIX_PATH}:/opt/ros/humble /usr/bin/cmake --install /home/minota/tricycle_robot/build/my_trirob_description
[1.673s] -- Install configuration: ""
[1.673s] -- Up-to-date: /home/minota/tricycle_robot/install/my_trirob_description/share/my_trirob_description//urdf
[1.685s] -- Up-to-date: /home/minota/tricycle_robot/install/my_trirob_description/share/my_trirob_description//urdf/my_trirob.urdf
[1.686s] -- Up-to-date: /home/minota/tricycle_robot/install/my_trirob_description/share/ament_index/resource_index/package_run_dependencies/my_trirob_description
[1.686s] -- Installing: /home/minota/tricycle_robot/install/my_trirob_description/share/ament_index/resource_index/parent_prefix_path/my_trirob_description
[1.686s] -- Up-to-date: /home/minota/tricycle_robot/install/my_trirob_description/share/my_trirob_description/environment/ament_prefix_path.sh
[1.686s] -- Installing: /home/minota/tricycle_robot/install/my_trirob_description/share/my_trirob_description/environment/ament_prefix_path.dsv
[1.687s] -- Up-to-date: /home/minota/tricycle_robot/install/my_trirob_description/share/my_trirob_description/environment/path.sh
[1.687s] -- Installing: /home/minota/tricycle_robot/install/my_trirob_description/share/my_trirob_description/environment/path.dsv
[1.687s] -- Up-to-date: /home/minota/tricycle_robot/install/my_trirob_description/share/my_trirob_description/local_setup.bash
[1.687s] -- Up-to-date: /home/minota/tricycle_robot/install/my_trirob_description/share/my_trirob_description/local_setup.sh
[1.687s] -- Up-to-date: /home/minota/tricycle_robot/install/my_trirob_description/share/my_trirob_description/local_setup.zsh
[1.687s] -- Installing: /home/minota/tricycle_robot/install/my_trirob_description/share/my_trirob_description/local_setup.dsv
[1.687s] -- Installing: /home/minota/tricycle_robot/install/my_trirob_description/share/my_trirob_description/package.dsv
[1.692s] -- Up-to-date: /home/minota/tricycle_robot/install/my_trirob_description/share/ament_index/resource_index/packages/my_trirob_description
[1.693s] -- Up-to-date: /home/minota/tricycle_robot/install/my_trirob_description/share/my_trirob_description/cmake/my_trirob_descriptionConfig.cmake
[1.694s] -- Up-to-date: /home/minota/tricycle_robot/install/my_trirob_description/share/my_trirob_description/cmake/my_trirob_descriptionConfig-version.cmake
[1.694s] -- Up-to-date: /home/minota/tricycle_robot/install/my_trirob_description/share/my_trirob_description/package.xml
[1.703s] Invoked command in '/home/minota/tricycle_robot/build/my_trirob_description' returned '0': CMAKE_PREFIX_PATH=${CMAKE_PREFIX_PATH}:/opt/ros/humble /usr/bin/cmake --install /home/minota/tricycle_robot/build/my_trirob_description
