[0.399s] DEBUG:colcon:Command line arguments: ['/usr/bin/colcon', 'build']
[0.399s] DEBUG:colcon:Parsed command line arguments: Namespace(log_base=None, log_level=None, verb_name='build', build_base='build', install_base='install', merge_install=False, symlink_install=False, test_result_base=None, continue_on_error=False, executor='parallel', parallel_workers=4, event_handlers=None, ignore_user_meta=False, metas=['./colcon.meta'], base_paths=['.'], packages_ignore=None, packages_ignore_regex=None, paths=None, packages_up_to=None, packages_up_to_regex=None, packages_above=None, packages_above_and_dependencies=None, packages_above_depth=None, packages_select_by_dep=None, packages_skip_by_dep=None, packages_skip_up_to=None, packages_select_build_failed=False, packages_skip_build_finished=False, packages_select_test_failures=False, packages_skip_test_passed=False, packages_select=None, packages_skip=None, packages_select_regex=None, packages_skip_regex=None, packages_start=None, packages_end=None, allow_overriding=[], cmake_args=None, cmake_target=None, cmake_target_skip_unavailable=False, cmake_clean_cache=False, cmake_clean_first=False, cmake_force_configure=False, ament_cmake_args=None, catkin_cmake_args=None, catkin_skip_building_tests=False, verb_parser=<colcon_defaults.argument_parser.defaults.DefaultArgumentsDecorator object at 0x71684f275780>, verb_extension=<colcon_core.verb.build.BuildVerb object at 0x71684f274e50>, main=<bound method BuildVerb.main of <colcon_core.verb.build.BuildVerb object at 0x71684f274e50>>)
[5.786s] Level 1:colcon.colcon_core.package_discovery:discover_packages(colcon_meta) check parameters
[5.787s] Level 1:colcon.colcon_core.package_discovery:discover_packages(recursive) check parameters
[5.787s] Level 1:colcon.colcon_core.package_discovery:discover_packages(ignore) check parameters
[5.787s] Level 1:colcon.colcon_core.package_discovery:discover_packages(path) check parameters
[5.787s] Level 1:colcon.colcon_core.package_discovery:discover_packages(colcon_meta) discover
[5.788s] Level 1:colcon.colcon_core.package_discovery:discover_packages(recursive) discover
[5.788s] INFO:colcon.colcon_core.package_discovery:Crawling recursively for packages in '/home/minota/tricycle_robot'
[5.789s] Level 1:colcon.colcon_core.package_identification:_identify(.) by extensions ['ignore', 'ignore_ament_install']
[5.789s] Level 1:colcon.colcon_core.package_identification:_identify(.) by extension 'ignore'
[5.790s] Level 1:colcon.colcon_core.package_identification:_identify(.) by extension 'ignore_ament_install'
[5.790s] Level 1:colcon.colcon_core.package_identification:_identify(.) by extensions ['colcon_pkg']
[5.790s] Level 1:colcon.colcon_core.package_identification:_identify(.) by extension 'colcon_pkg'
[5.791s] Level 1:colcon.colcon_core.package_identification:_identify(.) by extensions ['colcon_meta']
[5.791s] Level 1:colcon.colcon_core.package_identification:_identify(.) by extension 'colcon_meta'
[5.791s] Level 1:colcon.colcon_core.package_identification:_identify(.) by extensions ['ros']
[5.791s] Level 1:colcon.colcon_core.package_identification:_identify(.) by extension 'ros'
[5.824s] Level 1:colcon.colcon_core.package_identification:_identify(.) by extensions ['cmake', 'python']
[5.824s] Level 1:colcon.colcon_core.package_identification:_identify(.) by extension 'cmake'
[5.824s] Level 1:colcon.colcon_core.package_identification:_identify(.) by extension 'python'
[5.824s] Level 1:colcon.colcon_core.package_identification:_identify(.) by extensions ['python_setup_py']
[5.824s] Level 1:colcon.colcon_core.package_identification:_identify(.) by extension 'python_setup_py'
[5.824s] Level 1:colcon.colcon_core.package_identification:_identify(build) by extensions ['ignore', 'ignore_ament_install']
[5.824s] Level 1:colcon.colcon_core.package_identification:_identify(build) by extension 'ignore'
[5.824s] Level 1:colcon.colcon_core.package_identification:_identify(build) ignored
[5.825s] Level 1:colcon.colcon_core.package_identification:_identify(install) by extensions ['ignore', 'ignore_ament_install']
[5.825s] Level 1:colcon.colcon_core.package_identification:_identify(install) by extension 'ignore'
[5.825s] Level 1:colcon.colcon_core.package_identification:_identify(install) ignored
[5.825s] Level 1:colcon.colcon_core.package_identification:_identify(log) by extensions ['ignore', 'ignore_ament_install']
[5.825s] Level 1:colcon.colcon_core.package_identification:_identify(log) by extension 'ignore'
[5.825s] Level 1:colcon.colcon_core.package_identification:_identify(log) ignored
[5.825s] Level 1:colcon.colcon_core.package_identification:_identify(src) by extensions ['ignore', 'ignore_ament_install']
[5.825s] Level 1:colcon.colcon_core.package_identification:_identify(src) by extension 'ignore'
[5.825s] Level 1:colcon.colcon_core.package_identification:_identify(src) by extension 'ignore_ament_install'
[5.825s] Level 1:colcon.colcon_core.package_identification:_identify(src) by extensions ['colcon_pkg']
[5.825s] Level 1:colcon.colcon_core.package_identification:_identify(src) by extension 'colcon_pkg'
[5.826s] Level 1:colcon.colcon_core.package_identification:_identify(src) by extensions ['colcon_meta']
[5.826s] Level 1:colcon.colcon_core.package_identification:_identify(src) by extension 'colcon_meta'
[5.826s] Level 1:colcon.colcon_core.package_identification:_identify(src) by extensions ['ros']
[5.826s] Level 1:colcon.colcon_core.package_identification:_identify(src) by extension 'ros'
[5.826s] Level 1:colcon.colcon_core.package_identification:_identify(src) by extensions ['cmake', 'python']
[5.826s] Level 1:colcon.colcon_core.package_identification:_identify(src) by extension 'cmake'
[5.826s] Level 1:colcon.colcon_core.package_identification:_identify(src) by extension 'python'
[5.826s] Level 1:colcon.colcon_core.package_identification:_identify(src) by extensions ['python_setup_py']
[5.826s] Level 1:colcon.colcon_core.package_identification:_identify(src) by extension 'python_setup_py'
[5.826s] Level 1:colcon.colcon_core.package_discovery:discover_packages(recursive) using defaults
[5.826s] Level 1:colcon.colcon_core.package_discovery:discover_packages(ignore) discover
[5.826s] Level 1:colcon.colcon_core.package_discovery:discover_packages(ignore) using defaults
[5.826s] Level 1:colcon.colcon_core.package_discovery:discover_packages(path) discover
[5.826s] Level 1:colcon.colcon_core.package_discovery:discover_packages(path) using defaults
[6.031s] Level 1:colcon.colcon_core.package_discovery:discover_packages(prefix_path) check parameters
[6.031s] Level 1:colcon.colcon_core.package_discovery:discover_packages(prefix_path) discover
[6.088s] DEBUG:colcon.colcon_installed_package_information.package_discovery:Found 2 installed packages in /home/minota/ros2_ws/install
[6.100s] DEBUG:colcon.colcon_installed_package_information.package_discovery:Found 337 installed packages in /opt/ros/humble
[6.110s] Level 1:colcon.colcon_core.package_discovery:discover_packages(prefix_path) using defaults
[6.318s] INFO:colcon.colcon_core.executor:Executing jobs using 'parallel' executor
[6.320s] DEBUG:colcon.colcon_parallel_executor.executor.parallel:run_until_complete
[6.320s] DEBUG:colcon.colcon_parallel_executor.executor.parallel:closing loop
[6.320s] DEBUG:colcon.colcon_parallel_executor.executor.parallel:loop closed
[6.320s] DEBUG:colcon.colcon_parallel_executor.executor.parallel:run_until_complete finished with '0'
[6.320s] DEBUG:colcon.colcon_core.event_reactor:joining thread
[6.348s] INFO:colcon.colcon_core.plugin_system:Skipping extension 'colcon_notification.desktop_notification.terminal_notifier': Not used on non-Darwin systems
[6.348s] INFO:colcon.colcon_core.plugin_system:Skipping extension 'colcon_notification.desktop_notification.win32': Not used on non-Windows systems
[6.348s] INFO:colcon.colcon_notification.desktop_notification:Sending desktop notification using 'notify2'
[6.366s] DEBUG:colcon.colcon_core.event_reactor:joined thread
[6.458s] INFO:colcon.colcon_core.plugin_system:Skipping extension 'colcon_core.shell.bat': Not used on non-Windows systems
[6.460s] INFO:colcon.colcon_core.shell:Creating prefix script '/home/minota/tricycle_robot/install/local_setup.ps1'
[6.496s] INFO:colcon.colcon_core.shell:Creating prefix util module '/home/minota/tricycle_robot/install/_local_setup_util_ps1.py'
[6.516s] INFO:colcon.colcon_core.shell:Creating prefix chain script '/home/minota/tricycle_robot/install/setup.ps1'
[6.524s] INFO:colcon.colcon_core.shell:Creating prefix script '/home/minota/tricycle_robot/install/local_setup.sh'
[6.528s] INFO:colcon.colcon_core.shell:Creating prefix util module '/home/minota/tricycle_robot/install/_local_setup_util_sh.py'
[6.530s] INFO:colcon.colcon_core.shell:Creating prefix chain script '/home/minota/tricycle_robot/install/setup.sh'
[6.534s] INFO:colcon.colcon_core.shell:Creating prefix script '/home/minota/tricycle_robot/install/local_setup.bash'
[6.547s] INFO:colcon.colcon_core.shell:Creating prefix chain script '/home/minota/tricycle_robot/install/setup.bash'
[6.550s] INFO:colcon.colcon_core.shell:Creating prefix script '/home/minota/tricycle_robot/install/local_setup.zsh'
[6.554s] INFO:colcon.colcon_core.shell:Creating prefix chain script '/home/minota/tricycle_robot/install/setup.zsh'
