[0.015s] Invoking command in '/home/minota/tricycle_robot/build/my_trirob_description': CMAKE_PREFIX_PATH=${CMAKE_PREFIX_PATH}:/opt/ros/humble /usr/bin/cmake --build /home/minota/tricycle_robot/build/my_trirob_description -- -j4 -l4
[0.041s] Invoked command in '/home/minota/tricycle_robot/build/my_trirob_description' returned '0': CMAKE_PREFIX_PATH=${CMAKE_PREFIX_PATH}:/opt/ros/humble /usr/bin/cmake --build /home/minota/tricycle_robot/build/my_trirob_description -- -j4 -l4
[0.048s] Invoking command in '/home/minota/tricycle_robot/build/my_trirob_description': CMAKE_PREFIX_PATH=${CMAKE_PREFIX_PATH}:/opt/ros/humble /usr/bin/cmake --install /home/minota/tricycle_robot/build/my_trirob_description
[0.052s] -- Install configuration: ""
[0.053s] -- Up-to-date: /home/minota/tricycle_robot/install/my_trirob_description/share/my_trirob_description//urdf
[0.053s] -- Up-to-date: /home/minota/tricycle_robot/install/my_trirob_description/share/my_trirob_description//urdf/my_trirob.urdf
[0.053s] -- Up-to-date: /home/minota/tricycle_robot/install/my_trirob_description/share/ament_index/resource_index/package_run_dependencies/my_trirob_description
[0.053s] -- Up-to-date: /home/minota/tricycle_robot/install/my_trirob_description/share/ament_index/resource_index/parent_prefix_path/my_trirob_description
[0.054s] -- Up-to-date: /home/minota/tricycle_robot/install/my_trirob_description/share/my_trirob_description/environment/ament_prefix_path.sh
[0.054s] -- Up-to-date: /home/minota/tricycle_robot/install/my_trirob_description/share/my_trirob_description/environment/ament_prefix_path.dsv
[0.054s] -- Up-to-date: /home/minota/tricycle_robot/install/my_trirob_description/share/my_trirob_description/environment/path.sh
[0.054s] -- Up-to-date: /home/minota/tricycle_robot/install/my_trirob_description/share/my_trirob_description/environment/path.dsv
[0.054s] -- Up-to-date: /home/minota/tricycle_robot/install/my_trirob_description/share/my_trirob_description/local_setup.bash
[0.054s] -- Up-to-date: /home/minota/tricycle_robot/install/my_trirob_description/share/my_trirob_description/local_setup.sh
[0.054s] -- Up-to-date: /home/minota/tricycle_robot/install/my_trirob_description/share/my_trirob_description/local_setup.zsh
[0.055s] -- Up-to-date: /home/minota/tricycle_robot/install/my_trirob_description/share/my_trirob_description/local_setup.dsv
[0.055s] -- Up-to-date: /home/minota/tricycle_robot/install/my_trirob_description/share/my_trirob_description/package.dsv
[0.055s] -- Up-to-date: /home/minota/tricycle_robot/install/my_trirob_description/share/ament_index/resource_index/packages/my_trirob_description
[0.055s] -- Up-to-date: /home/minota/tricycle_robot/install/my_trirob_description/share/my_trirob_description/cmake/my_trirob_descriptionConfig.cmake
[0.055s] -- Up-to-date: /home/minota/tricycle_robot/install/my_trirob_description/share/my_trirob_description/cmake/my_trirob_descriptionConfig-version.cmake
[0.055s] -- Up-to-date: /home/minota/tricycle_robot/install/my_trirob_description/share/my_trirob_description/package.xml
[0.057s] Invoked command in '/home/minota/tricycle_robot/build/my_trirob_description' returned '0': CMAKE_PREFIX_PATH=${CMAKE_PREFIX_PATH}:/opt/ros/humble /usr/bin/cmake --install /home/minota/tricycle_robot/build/my_trirob_description
