[0.249s] Invoking command in '/home/minota/tricycle_robot/build/my_trirob_description': CMAKE_PREFIX_PATH=${CMAKE_PREFIX_PATH}:/opt/ros/humble /usr/bin/cmake /home/minota/tricycle_robot/src/my_trirob_description -DCMAKE_INSTALL_PREFIX=/home/minota/tricycle_robot/install/my_trirob_description
[0.721s] [0mCMake Deprecation Warning at CMakeLists.txt:1 (cmake_minimum_required):
[0.721s]   Compatibility with CMake < 3.10 will be removed from a future version of
[0.721s]   CMake.
[0.721s] 
[0.721s]   Update the VERSION argument <min> value.  Or, use the <min>...<max> syntax
[0.721s]   to tell CMake that the project requires at least <min> but has been updated
[0.722s]   to work with policies introduced by <max> or earlier.
[0.722s] 
[0.722s] [0m
[17.432s] -- The C compiler identification is GNU 11.4.0
[28.451s] -- The CXX compiler identification is GNU 11.4.0
[30.747s] -- Detecting C compiler ABI info
[33.603s] -- Detecting C compiler ABI info - done
[33.638s] -- Check for working C compiler: /usr/bin/cc - skipped
[33.657s] -- Detecting C compile features
[33.752s] -- Detecting C compile features - done
[34.610s] -- Detecting CXX compiler ABI info
[35.440s] -- Detecting CXX compiler ABI info - done
[35.466s] -- Check for working CXX compiler: /usr/bin/c++ - skipped
[35.466s] -- Detecting CXX compile features
[35.467s] -- Detecting CXX compile features - done
[36.538s] -- Found ament_cmake: 1.3.11 (/opt/ros/humble/share/ament_cmake/cmake)
[39.354s] -- Found Python3: /usr/bin/python3 (found version "3.10.12") found components: Interpreter
[48.395s] -- Configuring done (47.8s)
[48.401s] -- Generating done (0.0s)
[48.403s] -- Build files have been written to: /home/minota/tricycle_robot/build/my_trirob_description
[48.411s] Invoked command in '/home/minota/tricycle_robot/build/my_trirob_description' returned '0': CMAKE_PREFIX_PATH=${CMAKE_PREFIX_PATH}:/opt/ros/humble /usr/bin/cmake /home/minota/tricycle_robot/src/my_trirob_description -DCMAKE_INSTALL_PREFIX=/home/minota/tricycle_robot/install/my_trirob_description
[48.413s] Invoking command in '/home/minota/tricycle_robot/build/my_trirob_description': CMAKE_PREFIX_PATH=${CMAKE_PREFIX_PATH}:/opt/ros/humble /usr/bin/cmake --build /home/minota/tricycle_robot/build/my_trirob_description -- -j4 -l4
[48.440s] Invoked command in '/home/minota/tricycle_robot/build/my_trirob_description' returned '0': CMAKE_PREFIX_PATH=${CMAKE_PREFIX_PATH}:/opt/ros/humble /usr/bin/cmake --build /home/minota/tricycle_robot/build/my_trirob_description -- -j4 -l4
[48.448s] Invoking command in '/home/minota/tricycle_robot/build/my_trirob_description': CMAKE_PREFIX_PATH=${CMAKE_PREFIX_PATH}:/opt/ros/humble /usr/bin/cmake --install /home/minota/tricycle_robot/build/my_trirob_description
[48.453s] -- Install configuration: ""
[48.453s] -- Installing: /home/minota/tricycle_robot/install/my_trirob_description/share/my_trirob_description//urdf
[48.453s] -- Installing: /home/minota/tricycle_robot/install/my_trirob_description/share/my_trirob_description//urdf/my_trirob.urdf
[48.453s] -- Installing: /home/minota/tricycle_robot/install/my_trirob_description/share/ament_index/resource_index/package_run_dependencies/my_trirob_description
[48.454s] -- Installing: /home/minota/tricycle_robot/install/my_trirob_description/share/ament_index/resource_index/parent_prefix_path/my_trirob_description
[48.454s] -- Installing: /home/minota/tricycle_robot/install/my_trirob_description/share/my_trirob_description/environment/ament_prefix_path.sh
[48.454s] -- Installing: /home/minota/tricycle_robot/install/my_trirob_description/share/my_trirob_description/environment/ament_prefix_path.dsv
[48.454s] -- Installing: /home/minota/tricycle_robot/install/my_trirob_description/share/my_trirob_description/environment/path.sh
[48.454s] -- Installing: /home/minota/tricycle_robot/install/my_trirob_description/share/my_trirob_description/environment/path.dsv
[48.455s] -- Installing: /home/minota/tricycle_robot/install/my_trirob_description/share/my_trirob_description/local_setup.bash
[48.455s] -- Installing: /home/minota/tricycle_robot/install/my_trirob_description/share/my_trirob_description/local_setup.sh
[48.455s] -- Installing: /home/minota/tricycle_robot/install/my_trirob_description/share/my_trirob_description/local_setup.zsh
[48.455s] -- Installing: /home/minota/tricycle_robot/install/my_trirob_description/share/my_trirob_description/local_setup.dsv
[48.455s] -- Installing: /home/minota/tricycle_robot/install/my_trirob_description/share/my_trirob_description/package.dsv
[48.456s] -- Installing: /home/minota/tricycle_robot/install/my_trirob_description/share/ament_index/resource_index/packages/my_trirob_description
[48.456s] -- Installing: /home/minota/tricycle_robot/install/my_trirob_description/share/my_trirob_description/cmake/my_trirob_descriptionConfig.cmake
[48.456s] -- Installing: /home/minota/tricycle_robot/install/my_trirob_description/share/my_trirob_description/cmake/my_trirob_descriptionConfig-version.cmake
[48.456s] -- Installing: /home/minota/tricycle_robot/install/my_trirob_description/share/my_trirob_description/package.xml
[48.459s] Invoked command in '/home/minota/tricycle_robot/build/my_trirob_description' returned '0': CMAKE_PREFIX_PATH=${CMAKE_PREFIX_PATH}:/opt/ros/humble /usr/bin/cmake --install /home/minota/tricycle_robot/build/my_trirob_description
